Jan  6 02:03:01 3dr_controller local1.info stm32: stm32 update starting
Jan  6 02:03:01 3dr_controller local1.info stm32: no firmware available for update
Jan  6 02:03:01 3dr_controller local1.info stm32: requesting stm32 version
Jan  6 02:03:01 3dr_controller local1.info stm32: running version: 1.2.6
Jan  6 02:03:01 3dr_controller local1.info stm32: not updating (no new firmware)
Jan  6 02:03:01 3dr_controller local1.info stm32: writing STM_VERSION with running version 1.2.6
Jan  6 02:03:01 3dr_controller local1.info stm32: no screen update (READY exists)
Jan  6 02:03:02 3dr_controller local1.info net: hostapdconfig.py starting
Jan  6 02:03:02 3dr_controller local1.info net: --channel wlan0
Jan  6 02:03:02 3dr_controller local1.info net: can't get wlan0 frequency; defaulting to channel 0
Jan  6 02:03:02 3dr_controller local1.info net: changing channel in /etc/hostapd.conf from 0 to 0
Jan  6 02:03:03 3dr_controller local1.info pair: pair_server starting
Jan  6 02:03:03 3dr_controller local1.info pair: using default check_versions=True
Jan  6 02:03:03 3dr_controller local1.info pair: sololink version "1.3.0"
Jan  6 02:03:03 3dr_controller local1.info pair: firmware version "1.2.6"

acs_num_scans=8
wlan0-ap:
   Freq   Noise   OnChan   ChBusy  ExtBusy    Rxing    Txing
Ch  MHz     dBm     msec     msec     msec     msec     msec
 1 2412     -93     4977     3260              3054        0
 2 2417     -93      108       52                48        0
 3 2422     -93      108       63                57        0
 4 2427     -93      108       51                46        0
 5 2432     -93      108       60                56        0
 6 2437     -95      108       69                67        0
 7 2442     -93      108       66                62        0
 8 2447     -94      108       53                49        0
 9 2452     -95      108       63                53        0
10 2457 *   -94      409      195               174        8
11 2462     -94      108       62                59        0

Jan  6 02:11:28 3dr_controller local1.info pair: connection request from known solo: send CONN_ACK (yes)
Jan  6 02:11:28 3dr_controller local1.info pair: solo version "1.3.0"; firmware "1.2.0"
Jan  6 02:11:28 3dr_controller local1.info pair: IDLE -> CONNECTED
Jan  6 02:11:28 3dr_controller local1.info pair: connected with ('10.1.1.10', 41139)
Jan  6 02:11:28 3dr_controller local1.info pair: switching to runlevel.READY
Jan  6 02:11:28 3dr_controller local1.info +707 tlm: telem_ctrl starting: built Nov 17 2015 01:38:12
Jan  6 02:11:28 3dr_controller local1.info +733 tlm: stm32 @ 127.0.0.1:5015
Jan  6 02:11:28 3dr_controller local1.info +734 tlm: tlog @ 127.0.0.1:14583
Jan  6 02:11:28 3dr_controller local1.info +734 tlm: telem_dest_port = 14550
Jan  6 02:11:28 3dr_controller local1.info +734 tlm: use_gps_time = 1
Jan  6 02:11:28 3dr_controller local1.info +734 tlm: uplink_tos = 0x60
Jan  6 02:11:28 3dr_controller local1.info +735 tlm: gcs_tos = 0x60
Jan  6 02:11:28 3dr_controller local1.info +755 tlm: adding telem dest @ 10.1.1.153:14550
Jan  6 02:11:28 3dr_controller local1.info +878 tlm: solo @ 10.1.1.10:14560
Jan  6 02:11:28 3dr_controller local1.err +951 tlm: dropped 30 downlink packets
Jan  6 02:11:31 3dr_controller local1.info video: starting
Jan  6 02:11:32 3dr_controller local1.info video: link to solo at 10.1.1.10 is up
Jan  6 02:11:32 3dr_controller local1.info video: starting video
Jan  6 02:11:32 3dr_controller local1.info app: starting
Jan  6 02:11:32 3dr_controller local1.info app: waiting for connection
Jan  6 02:11:38 3dr_controller local1.info +755 tlm: dn:1639 (1,1)1552/0 (1,154)78/14 (10,0)9/0 up:0
Jan  6 02:11:48 3dr_controller local1.info +751 tlm: dn:903 (1,1)882/0 (1,154)10/9 (10,0)11/0 up:0
Jan  6 02:11:58 3dr_controller local1.info +779 tlm: dn:895 (1,1)875/0 (1,154)10/9 (10,0)10/0 up:0
Jan  6 02:12:08 3dr_controller local1.info +751 tlm: dn:899 (1,1)879/0 (1,154)10/9 (10,0)10/0 up:0
Jan  6 02:12:18 3dr_controller local1.info +751 tlm: dn:879 (1,1)859/0 (1,154)10/9 (10,0)10/0 up:0
Jan  6 02:12:28 3dr_controller local1.info +751 tlm: dn:903 (1,1)883/0 (1,154)10/9 (10,0)10/0 up:0
Jan  6 02:12:38 3dr_controller local1.info +751 tlm: dn:901 (1,1)881/0 (1,154)10/9 (10,0)10/0 up:0
Jan  6 02:12:48 3dr_controller local1.info +751 tlm: dn:878 (1,1)858/0 (1,154)10/9 (10,0)10/0 up:0
