Jan  6 00:36:00 3dr_controller local1.info stm32: stm32 update starting
Jan  6 00:36:00 3dr_controller local1.info stm32: no firmware available for update
Jan  6 00:36:00 3dr_controller local1.info stm32: requesting stm32 version
Jan  6 00:36:00 3dr_controller local1.info stm32: running version: 1.2.6
Jan  6 00:36:00 3dr_controller local1.info stm32: not updating (no new firmware)
Jan  6 00:36:00 3dr_controller local1.info stm32: writing STM_VERSION with running version 1.2.6
Jan  6 00:36:00 3dr_controller local1.info stm32: no screen update (READY exists)
Jan  6 00:36:03 3dr_controller local1.info net: hostapdconfig.py starting
Jan  6 00:36:03 3dr_controller local1.info net: --channel wlan0
Jan  6 00:36:03 3dr_controller local1.info net: can't get wlan0 frequency; defaulting to channel 0
Jan  6 00:36:03 3dr_controller local1.info net: changing channel in /etc/hostapd.conf from 0 to 0
Jan  6 00:36:03 3dr_controller local1.info pair: pair_server starting
Jan  6 00:36:03 3dr_controller local1.info pair: using default check_versions=True
Jan  6 00:36:03 3dr_controller local1.info pair: sololink version "1.3.0"
Jan  6 00:36:03 3dr_controller local1.info pair: firmware version "1.2.6"

acs_num_scans=8
wlan0-ap:
   Freq   Noise   OnChan   ChBusy  ExtBusy    Rxing    Txing
Ch  MHz     dBm     msec     msec     msec     msec     msec
 1 2412     -92     4643     2602              2405        0
 2 2417     -90      108       63                58        0
 3 2422     -92      108       54                49        0
 4 2427 *   -90      420      211               174        8
 5 2432     -95      108       52                46        0
 6 2437     -91      108       77                73        0
 7 2442     -92      108       71                64        0
 8 2447     -90      108       55                49        0
 9 2452     -90      108       65                59        0
10 2457     -91      108       91                84        0
11 2462     -90      108       98                93        0

Jan  6 00:36:19 3dr_controller local1.info pair: connection request from known solo: send CONN_ACK (yes)
Jan  6 00:36:19 3dr_controller local1.info pair: solo version "1.3.0"; firmware "1.2.0"
Jan  6 00:36:19 3dr_controller local1.info pair: IDLE -> CONNECTED
Jan  6 00:36:19 3dr_controller local1.info pair: connected with ('10.1.1.10', 39837)
Jan  6 00:36:19 3dr_controller local1.info pair: switching to runlevel.READY
Jan  6 00:36:19 3dr_controller local1.info +125 tlm: telem_ctrl starting: built Nov 17 2015 01:38:12
Jan  6 00:36:19 3dr_controller local1.info +140 tlm: stm32 @ 127.0.0.1:5015
Jan  6 00:36:19 3dr_controller local1.info +148 tlm: tlog @ 127.0.0.1:14583
Jan  6 00:36:19 3dr_controller local1.info +148 tlm: telem_dest_port = 14550
Jan  6 00:36:19 3dr_controller local1.info +148 tlm: use_gps_time = 1
Jan  6 00:36:19 3dr_controller local1.info +148 tlm: uplink_tos = 0x60
Jan  6 00:36:19 3dr_controller local1.info +148 tlm: gcs_tos = 0x60
Jan  6 00:36:19 3dr_controller local1.info +357 tlm: solo @ 10.1.1.10:14560
Jan  6 00:36:20 3dr_controller local1.info video: starting
Jan  6 00:36:21 3dr_controller local1.info +036 tlm: gps time 1980-01-05 23:59:56,439
Jan  5 23:59:56 3dr_controller local1.info +439 tlm: system time set from gps time
Jan  5 23:59:56 3dr_controller local1.info video: link to solo at 10.1.1.10 is up
Jan  5 23:59:56 3dr_controller local1.info video: starting video
Jan  5 23:59:57 3dr_controller local1.info app: starting
Jan  5 23:59:57 3dr_controller local1.info app: waiting for connection
Jan  6 00:00:04 3dr_controller local1.info +569 tlm: dn:1281 (1,1)1219/0 (1,154)53/12 (10,0)9/0 up:0
Jan  6 00:00:14 3dr_controller local1.info +568 tlm: dn:947 (1,1)927/0 (1,154)10/9 (10,0)10/0 up:0
Jan  6 00:00:24 3dr_controller local1.info +569 tlm: dn:937 (1,1)917/0 (1,154)10/9 (10,0)10/0 up:0
Jan  6 00:00:34 3dr_controller local1.info +570 tlm: dn:939 (1,1)919/0 (1,154)10/9 (10,0)10/0 up:0
Jan  6 00:00:44 3dr_controller local1.info +570 tlm: dn:954 (1,1)934/0 (1,154)10/9 (10,0)10/0 up:0
Jan  6 00:00:54 3dr_controller local1.info +570 tlm: dn:929 (1,1)909/0 (1,154)10/9 (10,0)10/0 up:0
Jan  6 00:01:04 3dr_controller local1.info +572 tlm: dn:953 (1,1)933/0 (1,154)10/9 (10,0)10/0 up:0
Jan  6 00:01:14 3dr_controller local1.info +572 tlm: dn:929 (1,1)909/0 (1,154)10/9 (10,0)10/0 up:0
Jan  6 00:01:24 3dr_controller local1.info +573 tlm: dn:946 (1,1)926/0 (1,154)10/9 (10,0)10/0 up:0
Jan  6 00:01:34 3dr_controller local1.info +571 tlm: dn:914 (1,1)894/0 (1,154)10/9 (10,0)10/0 up:0
Jan  6 00:01:44 3dr_controller local1.info +572 tlm: dn:903 (1,1)883/0 (1,154)10/9 (10,0)10/0 up:0
Jan  6 00:01:54 3dr_controller local1.info +570 tlm: dn:897 (1,1)878/0 (1,154)9/8 (10,0)10/0 up:0
Jan  6 00:02:04 3dr_controller local1.info +573 tlm: dn:901 (1,1)880/0 (1,154)11/10 (10,0)10/0 up:0
Jan  6 00:02:14 3dr_controller local1.info +574 tlm: dn:884 (1,1)864/0 (1,154)10/9 (10,0)10/0 up:0
Jan  6 00:02:24 3dr_controller local1.info +575 tlm: dn:897 (1,1)877/0 (1,154)10/9 (10,0)10/0 up:0
Jan  6 00:02:34 3dr_controller local1.info +575 tlm: dn:899 (1,1)879/0 (1,154)10/9 (10,0)10/0 up:0
Jan  6 00:02:44 3dr_controller local1.info +579 tlm: dn:879 (1,1)859/0 (1,154)10/9 (10,0)10/0 up:0
Jan  6 00:02:54 3dr_controller local1.info +576 tlm: dn:903 (1,1)883/0 (1,154)10/9 (10,0)10/0 up:0
Jan  6 00:03:04 3dr_controller local1.info +565 tlm: dn:898 (1,1)879/0 (1,154)9/8 (10,0)10/0 up:0
Jan  6 00:03:14 3dr_controller local1.info +581 tlm: dn:899 (1,1)878/0 (1,154)11/10 (10,0)10/0 up:0
Jan  6 00:03:24 3dr_controller local1.info +576 tlm: dn:885 (1,1)865/0 (1,154)10/9 (10,0)10/0 up:0
Jan  6 00:03:34 3dr_controller local1.info +577 tlm: dn:897 (1,1)877/0 (1,154)10/9 (10,0)10/0 up:0
Jan  6 00:03:44 3dr_controller local1.info +577 tlm: dn:898 (1,1)878/0 (1,154)10/9 (10,0)10/0 up:0
Jan  6 00:03:54 3dr_controller local1.info +569 tlm: dn:878 (1,1)859/0 (1,154)9/8 (10,0)10/0 up:0
Jan  6 00:04:04 3dr_controller local1.info +581 tlm: dn:903 (1,1)882/0 (1,154)11/10 (10,0)10/0 up:0
Jan  6 00:04:14 3dr_controller local1.info +580 tlm: dn:901 (1,1)881/0 (1,154)10/9 (10,0)10/0 up:0
Jan  6 00:04:24 3dr_controller local1.info +578 tlm: dn:897 (1,1)877/0 (1,154)10/9 (10,0)10/0 up:0
Jan  6 00:04:34 3dr_controller local1.info +578 tlm: dn:884 (1,1)864/0 (1,154)10/9 (10,0)10/0 up:0
Jan  6 00:04:44 3dr_controller local1.info +580 tlm: dn:897 (1,1)877/0 (1,154)10/9 (10,0)10/0 up:0
Jan  6 00:04:54 3dr_controller local1.info +579 tlm: dn:899 (1,1)879/0 (1,154)10/9 (10,0)10/0 up:0
Jan  6 00:05:04 3dr_controller local1.info +568 tlm: dn:880 (1,1)861/0 (1,154)9/8 (10,0)10/0 up:0
Jan  6 00:05:14 3dr_controller local1.info +581 tlm: dn:902 (1,1)881/0 (1,154)11/10 (10,0)10/0 up:0
Jan  6 00:05:24 3dr_controller local1.info +582 tlm: dn:900 (1,1)880/0 (1,154)10/9 (10,0)10/0 up:0
Jan  6 00:05:34 3dr_controller local1.info +580 tlm: dn:897 (1,1)877/0 (1,154)10/9 (10,0)10/0 up:0
Jan  6 00:05:34 3dr_controller local1.info +662 tlm: adding telem dest @ 10.1.1.100:14550
Jan  6 00:05:44 3dr_controller local1.info +582 tlm: dn:885 (1,1)865/0 (1,154)10/9 (10,0)10/0 up:0
Jan  6 00:05:54 3dr_controller local1.info +581 tlm: dn:897 (1,1)877/0 (1,154)10/9 (10,0)10/0 up:0
Jan  6 00:06:04 3dr_controller local1.info +586 tlm: dn:898 (1,1)878/0 (1,154)9/8 (10,0)11/0 up:0
Jan  6 00:06:14 3dr_controller local1.info +566 tlm: dn:880 (1,1)861/0 (1,154)10/9 (10,0)9/0 up:0
Jan  6 00:06:24 3dr_controller local1.info +585 tlm: dn:901 (1,1)880/0 (1,154)11/10 (10,0)10/0 up:0
Jan  6 00:06:34 3dr_controller local1.info +583 tlm: dn:901 (1,1)881/0 (1,154)10/9 (10,0)10/0 up:0
Jan  6 00:06:44 3dr_controller local1.info +584 tlm: dn:897 (1,1)877/0 (1,154)10/9 (10,0)10/0 up:0
Jan  6 00:06:54 3dr_controller local1.info +584 tlm: dn:885 (1,1)865/0 (1,154)10/9 (10,0)10/0 up:0
Jan  6 00:07:04 3dr_controller local1.info +573 tlm: dn:896 (1,1)877/0 (1,154)9/8 (10,0)10/0 up:0
Jan  6 00:07:14 3dr_controller local1.info +584 tlm: dn:899 (1,1)879/0 (1,154)10/9 (10,0)10/0 up:0
Jan  6 00:07:24 3dr_controller local1.info +565 tlm: dn:895 (1,1)875/0 (1,154)10/9 (10,0)10/0 up:0
Jan  6 00:07:34 3dr_controller local1.info +585 tlm: dn:887 (1,1)866/0 (1,154)11/10 (10,0)10/0 up:0
Jan  6 00:07:44 3dr_controller local1.info +588 tlm: dn:901 (1,1)881/0 (1,154)10/9 (10,0)10/0 up:0
Jan  6 00:07:54 3dr_controller local1.info +588 tlm: dn:896 (1,1)876/0 (1,154)10/9 (10,0)10/0 up:0
Jan  6 00:08:04 3dr_controller local1.info +587 tlm: dn:885 (1,1)865/0 (1,154)10/9 (10,0)10/0 up:0
Jan  6 00:08:14 3dr_controller local1.info +579 tlm: dn:897 (1,1)878/0 (1,154)9/8 (10,0)10/0 up:0
Jan  6 00:08:24 3dr_controller local1.info +589 tlm: dn:898 (1,1)877/0 (1,154)10/9 (10,0)11/0 up:0
Jan  6 00:08:34 3dr_controller local1.info +567 tlm: dn:897 (1,1)878/0 (1,154)10/9 (10,0)9/0 up:0
Jan  6 00:08:44 3dr_controller local1.info +588 tlm: dn:884 (1,1)863/0 (1,154)11/10 (10,0)10/0 up:0
Jan  6 00:08:54 3dr_controller local1.info +589 tlm: dn:901 (1,1)881/0 (1,154)10/9 (10,0)10/0 up:0
Jan  6 00:09:04 3dr_controller local1.info +589 tlm: dn:897 (1,1)877/0 (1,154)9/8 (10,0)11/0 up:0
Jan  6 00:09:14 3dr_controller local1.info +590 tlm: dn:885 (1,1)865/0 (1,154)10/9 (10,0)10/0 up:0
Jan  6 00:09:24 3dr_controller local1.info +589 tlm: dn:896 (1,1)876/0 (1,154)10/9 (10,0)10/0 up:0
Jan  6 00:09:34 3dr_controller local1.info +589 tlm: dn:899 (1,1)879/0 (1,154)10/9 (10,0)10/0 up:0
Jan  6 00:09:44 3dr_controller local1.info +584 tlm: dn:879 (1,1)860/0 (1,154)10/9 (10,0)9/0 up:0
Jan  6 00:09:54 3dr_controller local1.info +590 tlm: dn:903 (1,1)882/0 (1,154)10/9 (10,0)11/0 up:0
Jan  6 00:10:04 3dr_controller local1.info +583 tlm: dn:897 (1,1)878/0 (1,154)10/9 (10,0)9/0 up:0
Jan  6 00:10:14 3dr_controller local1.info +590 tlm: dn:900 (1,1)879/0 (1,154)10/9 (10,0)11/0 up:0
Jan  6 00:10:24 3dr_controller local1.info +579 tlm: dn:879 (1,1)860/0 (1,154)10/9 (10,0)9/0 up:0
Jan  6 00:10:34 3dr_controller local1.info +590 tlm: dn:903 (1,1)882/0 (1,154)10/9 (10,0)11/0 up:0
