
1980-01-06 00:36:03,219 proc_top starting

1980-01-06 00:36:13,220
   pid name                  utime  stime  pct
   798 (python)                 30      8   4%
    62 (kworker/0:2)             0     31   3%
   781 (hostapd)                16      7   2%
    18 (kworker/u2:1)            0     15   2%

1980-01-05 23:59:58,622
   pid name                  utime  stime  pct
   812 (stm32_up)                0     40   4%
    62 (kworker/0:2)             0     31   3%
    70 (mmcqd/1)                 0     12   1%
   781 (hostapd)                 1      5   1%
   105 (loop0)                   0      5   1%

1980-01-06 00:00:08,622
   pid name                  utime  stime  pct
   812 (stm32_up)                0     43   4%
    62 (kworker/0:2)             0     31   3%
   842 (tlm_main)                1     12   1%
   811 (stm32_down)              0      5   1%
   841 (tlog)                    2      3   1%

1980-01-06 00:00:18,622
   pid name                  utime  stime  pct
   812 (stm32_up)                0     43   4%
    62 (kworker/0:2)             0     31   3%
   842 (tlm_main)                1     13   1%
   841 (tlog)                    1      5   1%

1980-01-06 00:00:28,622
   pid name                  utime  stime  pct
   812 (stm32_up)                0     43   4%
    62 (kworker/0:2)             0     32   3%
   842 (tlm_main)                2     11   1%
   811 (stm32_down)              2      3   1%
   841 (tlog)                    0      5   1%

1980-01-06 00:00:38,622
   pid name                  utime  stime  pct
   812 (stm32_up)                0     43   4%
    62 (kworker/0:2)             0     31   3%
  1096 (udpsrc0:src)            11      8   2%
   842 (tlm_main)                2     11   1%
   841 (tlog)                    1      5   1%
   781 (hostapd)                 3      2   1%
   811 (stm32_down)              1      4   1%

1980-01-06 00:00:48,622
   pid name                  utime  stime  pct
   812 (stm32_up)                0     43   4%
    62 (kworker/0:2)             0     31   3%
  1096 (udpsrc0:src)            10      8   2%
   842 (tlm_main)                1     13   1%
   811 (stm32_down)              0      6   1%
   841 (tlog)                    0      6   1%

1980-01-06 00:00:58,622
   pid name                  utime  stime  pct
   812 (stm32_up)                0     43   4%
    62 (kworker/0:2)             0     32   3%
  1096 (udpsrc0:src)            15      4   2%
   842 (tlm_main)                1     13   1%
   841 (tlog)                    0      6   1%
   811 (stm32_down)              3      2   1%

1980-01-06 00:01:08,622
   pid name                  utime  stime  pct
   812 (stm32_up)                0     42   4%
    62 (kworker/0:2)             0     31   3%
  1096 (udpsrc0:src)            13      5   2%
   842 (tlm_main)                0     13   1%
   841 (tlog)                    0      6   1%
   781 (hostapd)                 2      3   1%
   811 (stm32_down)              0      5   1%

1980-01-06 00:01:18,622
   pid name                  utime  stime  pct
   812 (stm32_up)                0     43   4%
    62 (kworker/0:2)             0     31   3%
  1096 (udpsrc0:src)            13      6   2%
   842 (tlm_main)                2     11   1%
   841 (tlog)                    2      4   1%
   811 (stm32_down)              1      4   1%

1980-01-06 00:01:28,622
   pid name                  utime  stime  pct
   812 (stm32_up)                0     42   4%
    62 (kworker/0:2)             0     31   3%
  1096 (udpsrc0:src)            10      9   2%
   842 (tlm_main)                1     13   1%
   841 (tlog)                    1      5   1%
   811 (stm32_down)              1      4   1%

1980-01-06 00:01:38,622
   pid name                  utime  stime  pct
   812 (stm32_up)                0     43   4%
    62 (kworker/0:2)             0     31   3%
  1096 (udpsrc0:src)            13      5   2%
   842 (tlm_main)                2     11   1%
   841 (tlog)                    2      4   1%
   811 (stm32_down)              1      4   1%

1980-01-06 00:01:48,622
   pid name                  utime  stime  pct
   812 (stm32_up)                0     42   4%
    62 (kworker/0:2)             0     31   3%
  1096 (udpsrc0:src)            12      6   2%
   842 (tlm_main)                1     12   1%
   841 (tlog)                    0      6   1%
   811 (stm32_down)              2      3   1%

1980-01-06 00:01:58,622
   pid name                  utime  stime  pct
   812 (stm32_up)                0     42   4%
    62 (kworker/0:2)             0     31   3%
  1096 (udpsrc0:src)            13      5   2%
   842 (tlm_main)                0     12   1%
   811 (stm32_down)              1      4   1%
   841 (tlog)                    1      4   1%

1980-01-06 00:02:08,622
   pid name                  utime  stime  pct
   812 (stm32_up)                0     43   4%
    62 (kworker/0:2)             0     31   3%
  1096 (udpsrc0:src)            14      4   2%
   842 (tlm_main)                0     13   1%
   841 (tlog)                    2      4   1%
   811 (stm32_down)              1      4   1%

1980-01-06 00:02:18,622
   pid name                  utime  stime  pct
   812 (stm32_up)                0     42   4%
    62 (kworker/0:2)             0     31   3%
  1096 (udpsrc0:src)            14      4   2%
   842 (tlm_main)                2     11   1%
   841 (tlog)                    1      5   1%

1980-01-06 00:02:28,622
   pid name                  utime  stime  pct
   812 (stm32_up)                0     43   4%
    62 (kworker/0:2)             0     32   3%
  1096 (udpsrc0:src)            14      5   2%
   842 (tlm_main)                1     12   1%
   811 (stm32_down)              1      4   1%
   841 (tlog)                    2      3   1%

1980-01-06 00:02:38,622
   pid name                  utime  stime  pct
   812 (stm32_up)                0     43   4%
    62 (kworker/0:2)             0     31   3%
  1096 (udpsrc0:src)            10      8   2%
   842 (tlm_main)                1     11   1%
   841 (tlog)                    0      6   1%
   811 (stm32_down)              1      4   1%

1980-01-06 00:02:48,622
   pid name                  utime  stime  pct
   812 (stm32_up)                0     43   4%
    62 (kworker/0:2)             0     31   3%
  1096 (udpsrc0:src)            14      5   2%
   842 (tlm_main)                0     13   1%
   841 (tlog)                    2      4   1%
   811 (stm32_down)              0      5   1%

1980-01-06 00:02:58,622
   pid name                  utime  stime  pct
   812 (stm32_up)                0     42   4%
    62 (kworker/0:2)             0     31   3%
  1096 (udpsrc0:src)             9      9   2%
   842 (tlm_main)                1     12   1%
   841 (tlog)                    0      6   1%
   811 (stm32_down)              0      5   1%

1980-01-06 00:03:08,622
   pid name                  utime  stime  pct
   812 (stm32_up)                0     43   4%
    62 (kworker/0:2)             0     31   3%
  1096 (udpsrc0:src)            12      7   2%
   842 (tlm_main)                0     13   1%
   811 (stm32_down)              1      4   1%
   841 (tlog)                    0      5   1%

1980-01-06 00:03:18,622
   pid name                  utime  stime  pct
   812 (stm32_up)                0     43   4%
    62 (kworker/0:2)             0     31   3%
  1096 (udpsrc0:src)            11      7   2%
   842 (tlm_main)                1     12   1%
   841 (tlog)                    0      6   1%

1980-01-06 00:03:28,622
   pid name                  utime  stime  pct
   812 (stm32_up)                0     42   4%
    62 (kworker/0:2)             0     31   3%
  1096 (udpsrc0:src)            15      3   2%
   842 (tlm_main)                0     12   1%
   841 (tlog)                    1      5   1%
   811 (stm32_down)              1      4   1%

1980-01-06 00:03:38,622
   pid name                  utime  stime  pct
   812 (stm32_up)               87      0   9%
    62 (kworker/0:2)             0     31   3%
  1096 (udpsrc0:src)            16      2   2%
   842 (tlm_main)                1     12   1%
   841 (tlog)                    1      5   1%
   811 (stm32_down)              0      5   1%

1980-01-06 00:03:48,622
   pid name                  utime  stime  pct
    62 (kworker/0:2)             0     31   3%
  1096 (udpsrc0:src)            12      6   2%
   842 (tlm_main)                1     12   1%
   811 (stm32_down)              0      6   1%
   841 (tlog)                    1      4   1%

1980-01-06 00:03:58,622
   pid name                  utime  stime  pct
   812 (stm32_up)                4     38   4%
    62 (kworker/0:2)             0     32   3%
  1096 (udpsrc0:src)            12      7   2%
   842 (tlm_main)                0     13   1%
   841 (tlog)                    1      5   1%

1980-01-06 00:04:08,622
   pid name                  utime  stime  pct
   812 (stm32_up)                0     53   5%
    62 (kworker/0:2)             0     30   3%
  1096 (udpsrc0:src)            10      9   2%
   842 (tlm_main)                4      8   1%
   841 (tlog)                    0      6   1%
   811 (stm32_down)              1      4   1%

1980-01-06 00:04:18,622
   pid name                  utime  stime  pct
   812 (stm32_up)                0     44   4%
    62 (kworker/0:2)             0     31   3%
  1096 (udpsrc0:src)            10      8   2%
   842 (tlm_main)                0     13   1%
   811 (stm32_down)              0      6   1%
   841 (tlog)                    0      6   1%

1980-01-06 00:04:28,622
   pid name                  utime  stime  pct
   812 (stm32_up)                0     32   3%
    62 (kworker/0:2)             0     26   3%
  1096 (udpsrc0:src)            13      6   2%
   842 (tlm_main)                2     11   1%
   841 (tlog)                    0      6   1%

1980-01-06 00:04:38,622
   pid name                  utime  stime  pct
   812 (stm32_up)                0     43   4%
  3535 (kworker/0:0)             0     30   3%
  1096 (udpsrc0:src)            13      5   2%
   842 (tlm_main)                0     12   1%
   841 (tlog)                    2      4   1%
    70 (mmcqd/1)                 0      5   1%

1980-01-06 00:04:48,622
   pid name                  utime  stime  pct
   812 (stm32_up)                2     40   4%
  3535 (kworker/0:0)             0     31   3%
  1096 (udpsrc0:src)            10      8   2%
   842 (tlm_main)                0     13   1%
    70 (mmcqd/1)                 0      7   1%
   841 (tlog)                    2      4   1%
   811 (stm32_down)              1      4   1%

1980-01-06 00:04:58,622
   pid name                  utime  stime  pct
   812 (stm32_up)                5     38   4%
  3535 (kworker/0:0)             0     31   3%
  1096 (udpsrc0:src)            15      3   2%
   842 (tlm_main)                1     12   1%
   841 (tlog)                    0      6   1%
   811 (stm32_down)              0      5   1%

1980-01-06 00:05:08,622
   pid name                  utime  stime  pct
   812 (stm32_up)                0     43   4%
  3535 (kworker/0:0)             0     30   3%
  1096 (udpsrc0:src)            14      4   2%
   842 (tlm_main)                0     13   1%
    70 (mmcqd/1)                 0      6   1%
   811 (stm32_down)              0      5   1%
   841 (tlog)                    2      3   1%

1980-01-06 00:05:18,622
   pid name                  utime  stime  pct
   812 (stm32_up)                5     38   4%
  3535 (kworker/0:0)             0     31   3%
  1096 (udpsrc0:src)            10      8   2%
   842 (tlm_main)                0     13   1%
   841 (tlog)                    0      7   1%
   811 (stm32_down)              1      4   1%

1980-01-06 00:05:28,622
   pid name                  utime  stime  pct
   812 (stm32_up)                1     42   4%
  3535 (kworker/0:0)             0     30   3%
  1096 (udpsrc0:src)            14      5   2%
   842 (tlm_main)                1     11   1%
   811 (stm32_down)              0      5   1%
   841 (tlog)                    0      5   1%

1980-01-06 00:05:38,622
   pid name                  utime  stime  pct
   812 (stm32_up)                0     45   5%
  3535 (kworker/0:0)             0     31   3%
  1096 (udpsrc0:src)            10      8   2%
   842 (tlm_main)                2     13   2%
   841 (tlog)                    1      5   1%
   811 (stm32_down)              1      4   1%

1980-01-06 00:05:48,622
   pid name                  utime  stime  pct
   812 (stm32_up)                5     36   4%
  3535 (kworker/0:0)             0     31   3%
  1096 (udpsrc0:src)            14      5   2%
   842 (tlm_main)                7      9   2%
   841 (tlog)                    1      6   1%
   811 (stm32_down)              0      5   1%

1980-01-06 00:05:58,622
   pid name                  utime  stime  pct
   812 (stm32_up)                5     38   4%
  3535 (kworker/0:0)             0     32   3%
  1096 (udpsrc0:src)            14      6   2%
   842 (tlm_main)                0     17   2%
   841 (tlog)                    1      5   1%
   811 (stm32_down)              1      4   1%

1980-01-06 00:06:08,622
   pid name                  utime  stime  pct
   812 (stm32_up)                6     37   4%
  3535 (kworker/0:0)             0     31   3%
  1096 (udpsrc0:src)            17      2   2%
   842 (tlm_main)                0     18   2%
   811 (stm32_down)              1      5   1%
   841 (tlog)                    1      5   1%

1980-01-06 00:06:18,623
   pid name                  utime  stime  pct
   812 (stm32_up)                3     40   4%
  3535 (kworker/0:0)             0     31   3%
  1096 (udpsrc0:src)            12      7   2%
   842 (tlm_main)                2     14   2%
   841 (tlog)                    4      2   1%
   811 (stm32_down)              0      5   1%

1980-01-06 00:06:28,622
   pid name                  utime  stime  pct
   812 (stm32_up)                3     39   4%
  3535 (kworker/0:0)             0     31   3%
  1096 (udpsrc0:src)            11      7   2%
   842 (tlm_main)                0     17   2%
   811 (stm32_down)              0      6   1%
   841 (tlog)                    0      6   1%

1980-01-06 00:06:38,622
   pid name                  utime  stime  pct
   812 (stm32_up)                3     40   4%
  3535 (kworker/0:0)             0     31   3%
  1096 (udpsrc0:src)            15      4   2%
   842 (tlm_main)                0     17   2%
   841 (tlog)                    2      5   1%
   811 (stm32_down)              0      5   1%

1980-01-06 00:06:48,622
   pid name                  utime  stime  pct
   812 (stm32_up)                3     40   4%
  3535 (kworker/0:0)             0     31   3%
  1096 (udpsrc0:src)            10      8   2%
   842 (tlm_main)                2     15   2%
   841 (tlog)                    1      5   1%
   811 (stm32_down)              1      4   1%

1980-01-06 00:06:58,622
   pid name                  utime  stime  pct
   812 (stm32_up)                3     39   4%
  3535 (kworker/0:0)             0     31   3%
  1096 (udpsrc0:src)            12      7   2%
   842 (tlm_main)                1     16   2%
   811 (stm32_down)              1      5   1%
   841 (tlog)                    0      6   1%

1980-01-06 00:07:08,622
   pid name                  utime  stime  pct
   812 (stm32_up)                4     39   4%
  3535 (kworker/0:0)             0     31   3%
  1096 (udpsrc0:src)            14      5   2%
   842 (tlm_main)                0     17   2%
   841 (tlog)                    2      4   1%
   781 (hostapd)                 1      4   1%
   811 (stm32_down)              0      5   1%

1980-01-06 00:07:18,622
   pid name                  utime  stime  pct
   812 (stm32_up)                3     40   4%
  3535 (kworker/0:0)             0     32   3%
  1096 (udpsrc0:src)            13      6   2%
   842 (tlm_main)                2     16   2%
   811 (stm32_down)              0      6   1%
   841 (tlog)                    3      3   1%

1980-01-06 00:07:28,622
   pid name                  utime  stime  pct
   812 (stm32_up)                3     40   4%
  3535 (kworker/0:0)             0     31   3%
  1096 (udpsrc0:src)            12      8   2%
   842 (tlm_main)                0     17   2%
   841 (tlog)                    0      7   1%
   811 (stm32_down)              0      5   1%

1980-01-06 00:07:38,622
   pid name                  utime  stime  pct
   812 (stm32_up)                3     40   4%
  3535 (kworker/0:0)             0     31   3%
  1096 (udpsrc0:src)            16      3   2%
   842 (tlm_main)                1     15   2%
   841 (tlog)                    2      4   1%
   781 (hostapd)                 3      2   1%
   811 (stm32_down)              0      5   1%

1980-01-06 00:07:48,622
   pid name                  utime  stime  pct
   812 (stm32_up)                3     40   4%
  3535 (kworker/0:0)             0     31   3%
   842 (tlm_main)                0     18   2%
  1096 (udpsrc0:src)            11      7   2%
   811 (stm32_down)              0      6   1%
   841 (tlog)                    0      6   1%
   781 (hostapd)                 3      2   1%

1980-01-06 00:07:58,622
   pid name                  utime  stime  pct
   812 (stm32_up)                3     39   4%
  3535 (kworker/0:0)             0     31   3%
  1096 (udpsrc0:src)            13      6   2%
   842 (tlm_main)                1     16   2%
   841 (tlog)                    2      4   1%
   811 (stm32_down)              1      4   1%

1980-01-06 00:08:08,622
   pid name                  utime  stime  pct
   812 (stm32_up)                3     40   4%
  3535 (kworker/0:0)             0     31   3%
  1096 (udpsrc0:src)            11      8   2%
   842 (tlm_main)                1     16   2%
   811 (stm32_down)              2      4   1%
   841 (tlog)                    1      5   1%
   781 (hostapd)                 3      2   1%

1980-01-06 00:08:18,622
   pid name                  utime  stime  pct
   812 (stm32_up)                3     40   4%
  3535 (kworker/0:0)             0     32   3%
  1096 (udpsrc0:src)            12      6   2%
   842 (tlm_main)                2     15   2%
   841 (tlog)                    1      6   1%
   781 (hostapd)                 4      1   1%
   811 (stm32_down)              0      5   1%

1980-01-06 00:08:28,622
   pid name                  utime  stime  pct
   812 (stm32_up)                3     39   4%
  3535 (kworker/0:0)             0     31   3%
  1096 (udpsrc0:src)            12      7   2%
   842 (tlm_main)                2     15   2%
   811 (stm32_down)              0      6   1%
   841 (tlog)                    0      6   1%

1980-01-06 00:08:38,623
   pid name                  utime  stime  pct
   812 (stm32_up)                3     40   4%
  3535 (kworker/0:0)             0     31   3%
   842 (tlm_main)                1     17   2%
  1096 (udpsrc0:src)            14      4   2%
   841 (tlog)                    0      6   1%
   781 (hostapd)                 1      4   1%
   811 (stm32_down)              0      5   1%

1980-01-06 00:08:48,622
   pid name                  utime  stime  pct
   812 (stm32_up)                3     40   4%
  3535 (kworker/0:0)             0     31   3%
  1096 (udpsrc0:src)            11      9   2%
   842 (tlm_main)                1     16   2%
   841 (tlog)                    2      4   1%
   781 (hostapd)                 1      4   1%
   811 (stm32_down)              2      3   1%

1980-01-06 00:08:58,622
   pid name                  utime  stime  pct
   812 (stm32_up)                3     40   4%
  3535 (kworker/0:0)             0     31   3%
  1096 (udpsrc0:src)            14      5   2%
   842 (tlm_main)                2     15   2%
   841 (tlog)                    2      5   1%
   781 (hostapd)                 3      3   1%
   811 (stm32_down)              0      6   1%

1980-01-06 00:09:08,622
   pid name                  utime  stime  pct
   812 (stm32_up)                3     39   4%
  3535 (kworker/0:0)             0     31   3%
  1096 (udpsrc0:src)            11      9   2%
   842 (tlm_main)                2     15   2%
   841 (tlog)                    2      4   1%
   811 (stm32_down)              1      4   1%

1980-01-06 00:09:18,622
   pid name                  utime  stime  pct
   812 (stm32_up)                3     40   4%
  3535 (kworker/0:0)             0     32   3%
  1096 (udpsrc0:src)            11      8   2%
   842 (tlm_main)                1     16   2%
   811 (stm32_down)              1      5   1%
   841 (tlog)                    1      5   1%
   781 (hostapd)                 3      2   1%

1980-01-06 00:09:28,622
   pid name                  utime  stime  pct
   812 (stm32_up)                4     39   4%
  3535 (kworker/0:0)             0     31   3%
  1096 (udpsrc0:src)            10      8   2%
   842 (tlm_main)                2     15   2%
   841 (tlog)                    0      7   1%
   811 (stm32_down)              1      4   1%

1980-01-06 00:09:38,622
   pid name                  utime  stime  pct
   812 (stm32_up)                2     40   4%
  1096 (udpsrc0:src)            12      7   2%
   842 (tlm_main)                2     15   2%
   781 (hostapd)                 2      4   1%
   811 (stm32_down)              2      4   1%
   841 (tlog)                    1      4   1%

1980-01-06 00:09:48,622
   pid name                  utime  stime  pct
   812 (stm32_up)                4     39   4%
  6520 (kworker/0:1)             0     32   3%
  1096 (udpsrc0:src)            17      2   2%
   842 (tlm_main)                0     17   2%
   841 (tlog)                    0      6   1%
   811 (stm32_down)              0      5   1%

1980-01-06 00:09:58,622
   pid name                  utime  stime  pct
   812 (stm32_up)                3     41   4%
  6520 (kworker/0:1)             0     32   3%
  1096 (udpsrc0:src)            15      5   2%
   842 (tlm_main)                0     18   2%
   841 (tlog)                    3      3   1%
   781 (hostapd)                 3      2   1%
   811 (stm32_down)              0      5   1%

1980-01-06 00:10:08,622
   pid name                  utime  stime  pct
   812 (stm32_up)                3     40   4%
  6520 (kworker/0:1)             0     33   3%
  1096 (udpsrc0:src)            14      6   2%
   842 (tlm_main)                2     15   2%
   841 (tlog)                    1      6   1%
   811 (stm32_down)              0      6   1%

1980-01-06 00:10:18,622
   pid name                  utime  stime  pct
   812 (stm32_up)                3     41   4%
  6520 (kworker/0:1)             0     32   3%
  1096 (udpsrc0:src)            13      7   2%
   842 (tlm_main)                1     15   2%
   841 (tlog)                    2      4   1%
    70 (mmcqd/1)                 0      5   1%
   811 (stm32_down)              2      3   1%

1980-01-06 00:10:28,622
   pid name                  utime  stime  pct
   812 (stm32_up)                3     39   4%
  6520 (kworker/0:1)             0     31   3%
  1096 (udpsrc0:src)            13      6   2%
   842 (tlm_main)                0     18   2%
   811 (stm32_down)              0      6   1%
   841 (tlog)                    2      4   1%
    70 (mmcqd/1)                 0      5   1%
   781 (hostapd)                 2      3   1%

1980-01-06 00:10:38,622
   pid name                  utime  stime  pct
   812 (stm32_up)                2     41   4%
  6520 (kworker/0:1)             0     32   3%
  1096 (udpsrc0:src)            14      5   2%
   842 (tlm_main)                4     13   2%
   841 (tlog)                    3      3   1%
    70 (mmcqd/1)                 0      5   1%
   811 (stm32_down)              0      5   1%

1980-01-06 00:10:48,622
   pid name                  utime  stime  pct
   812 (stm32_up)                3     40   4%
  6520 (kworker/0:1)             0     32   3%
  1096 (udpsrc0:src)            19      1   2%
  7198 (sshd)                    8     11   2%
   842 (tlm_main)                1     17   2%
    70 (mmcqd/1)                 0      9   1%
   841 (tlog)                    0      8   1%
   781 (hostapd)                 4      2   1%
   811 (stm32_down)              0      6   1%
