Jan  5 23:59:59 3dr_solo local2.info shot: starting up shotManager 1.3.0
Jan  5 23:59:59 3dr_solo local2.info shot: got api vehicle
Jan  5 23:59:59 3dr_solo local2.info shot: reset all DZ
Jan  5 23:59:59 3dr_solo local2.info shot: enabling remapping False
Jan  5 23:59:59 3dr_solo local2.info shot: disabling stick remapping
Jan  5 23:59:59 3dr_solo local2.info shot: ready for connections
Jan  5 23:59:59 3dr_solo local2.info shot: creating a new connectThread
Jan  5 23:59:59 3dr_solo local2.info shot: read in button mappings
Jan  5 23:59:59 3dr_solo local2.info shot: Button A - shot FLY, mode FLY: Manual
Jan  5 23:59:59 3dr_solo local2.info shot: Button B - shot FLY, mode FLY: Manual
Jan  5 23:59:59 3dr_solo local2.info shot: Going to wait for vehicle init
Jan  5 23:59:59 3dr_solo local2.info shot: vehicle inited
Jan  5 23:59:59 3dr_solo local2.info shot: read enabled value from settings of 1
Jan  5 23:59:59 3dr_solo local2.info shot: sending gimbal enabled param (GMB_GP_CTRL) to 1.000000
Jan  5 23:59:59 3dr_solo local2.info shot: Inited GoProManager
Jan  5 23:59:59 3dr_solo local2.info shot: Gimbal detected.
Jan  6 00:00:00 3dr_solo local2.info shot: Gopro capture mode changed to 255
Jan  6 00:00:00 3dr_solo local2.info shot: sending Gopro state to app
Jan  6 00:00:00 3dr_solo local2.info shot: connectThread connected
Jan  6 00:00:00 3dr_solo local2.info shot: sending FLY to Artoo as mode
